<?xml version="1.0" encoding="UTF-8"?>
<!-- Generated by org.testng.reporters.JUnitReportReporter -->
<testsuite hostname="ChetnaM-PC" name="com.adv.qa.selenium.tests.currency.A001_Switch_Intra_Company_Accounting_OnTest" tests="1" failures="0" timestamp="15 Mar 2017 10:57:08 GMT" time="54.442" errors="0">
  <testcase name="verify" time="54.442" classname="com.adv.qa.selenium.tests.currency.A001_Switch_Intra_Company_Accounting_OnTest"/>
</testsuite> <!-- com.adv.qa.selenium.tests.currency.A001_Switch_Intra_Company_Accounting_OnTest -->
