<?xml version="1.0" encoding="UTF-8"?>
<!-- Generated by org.testng.reporters.JUnitReportReporter -->
<testsuite name="com.adv.qa.selenium.tests.currency.A030_Security_ElementsTest" tests="1" time="155.094" ignored="0" failures="0" timestamp="23 Mar 2017 08:27:57 GMT" skipped="0" hostname="ChetnaM-PC" errors="0">
  <testcase name="verify" time="155.094" classname="com.adv.qa.selenium.tests.currency.A030_Security_ElementsTest"/>
</testsuite> <!-- com.adv.qa.selenium.tests.currency.A030_Security_ElementsTest -->
