<?xml version="1.0" encoding="UTF-8"?>
<!-- Generated by org.testng.reporters.JUnitReportReporter -->
<testsuite name="com.adv.qa.selenium.tests.currency.A028_Default_Structure_ControlsTest" tests="1" time="165.577" ignored="0" failures="0" timestamp="17 Mar 2017 08:56:14 GMT" skipped="0" hostname="ChetnaM-PC" errors="0">
  <testcase name="verify" time="165.577" classname="com.adv.qa.selenium.tests.currency.A028_Default_Structure_ControlsTest"/>
</testsuite> <!-- com.adv.qa.selenium.tests.currency.A028_Default_Structure_ControlsTest -->
