<?xml version="1.0" encoding="UTF-8"?>
<!-- Generated by org.testng.reporters.JUnitReportReporter -->
<testsuite name="com.adv.qa.selenium.tests.currency.phase2.A052_Tax_AccountsTest" tests="1" time="131.857" ignored="0" failures="0" timestamp="30 Mar 2017 12:12:31 GMT" skipped="0" hostname="ChetnaM-PC" errors="0">
  <testcase name="verify" time="131.857" classname="com.adv.qa.selenium.tests.currency.phase2.A052_Tax_AccountsTest"/>
</testsuite> <!-- com.adv.qa.selenium.tests.currency.phase2.A052_Tax_AccountsTest -->
