<?xml version="1.0" encoding="UTF-8"?>
<!-- Generated by org.testng.reporters.JUnitReportReporter -->
<testsuite name="com.adv.qa.selenium.tests.currency.A013_Fiscal_CalendarTest" tests="1" time="591.313" ignored="0" failures="0" timestamp="04 Apr 2017 07:22:24 GMT" skipped="0" hostname="ChetnaM-PC" errors="0">
  <testcase name="verify" time="591.313" classname="com.adv.qa.selenium.tests.currency.A013_Fiscal_CalendarTest"/>
</testsuite> <!-- com.adv.qa.selenium.tests.currency.A013_Fiscal_CalendarTest -->
