<?xml version="1.0" encoding="UTF-8"?>
<!-- Generated by org.testng.reporters.JUnitReportReporter -->
<testsuite name="com.adv.qa.selenium.tests.currency.A035_Structure_RebuildOracleTest" tests="1" time="300.051" ignored="0" failures="0" timestamp="17 Mar 2017 09:57:16 GMT" skipped="0" hostname="ChetnaM-PC" errors="0">
  <testcase name="verify" time="300.051" classname="com.adv.qa.selenium.tests.currency.A035_Structure_RebuildOracleTest"/>
</testsuite> <!-- com.adv.qa.selenium.tests.currency.A035_Structure_RebuildOracleTest -->
