<?xml version="1.0" encoding="UTF-8"?>
<!-- Generated by org.testng.reporters.JUnitReportReporter -->
<testsuite name="com.adv.qa.selenium.tests.currency.A035_Structure_RebuildOracleTest" tests="1" time="102.621" ignored="0" failures="0" timestamp="08 Mar 2017 07:06:41 GMT" skipped="0" hostname="ChetnaM-PC" errors="0">
  <testcase name="verify" time="102.621" classname="com.adv.qa.selenium.tests.currency.A035_Structure_RebuildOracleTest"/>
</testsuite> <!-- com.adv.qa.selenium.tests.currency.A035_Structure_RebuildOracleTest -->
