<?xml version="1.0" encoding="UTF-8"?>
<!-- Generated by org.testng.reporters.JUnitReportReporter -->
<testsuite hostname="ChetnaM-PC" name="com.adv.qa.selenium.tests.currency.A001A_On_line_AuditingTest" tests="1" failures="0" timestamp="15 Mar 2017 10:55:46 GMT" time="177.216" errors="0">
  <testcase name="verify" time="177.216" classname="com.adv.qa.selenium.tests.currency.A001A_On_line_AuditingTest"/>
</testsuite> <!-- com.adv.qa.selenium.tests.currency.A001A_On_line_AuditingTest -->
