<?xml version="1.0" encoding="UTF-8"?>
<!-- Generated by org.testng.reporters.JUnitReportReporter -->
<testsuite name="com.adv.qa.selenium.tests.currency.A021_Batch_TypesTest" tests="1" time="174.441" ignored="0" failures="0" timestamp="17 Mar 2017 07:16:35 GMT" skipped="0" hostname="ChetnaM-PC" errors="0">
  <testcase name="verify" time="174.441" classname="com.adv.qa.selenium.tests.currency.A021_Batch_TypesTest"/>
</testsuite> <!-- com.adv.qa.selenium.tests.currency.A021_Batch_TypesTest -->
