<?xml version="1.0" encoding="UTF-8"?>
<!-- Generated by org.testng.reporters.JUnitReportReporter -->
<testsuite name="com.adv.qa.selenium.tests.currency.A016A_Normal_Balance_Sheet_GroupsTest" tests="1" time="154.733" ignored="0" failures="0" timestamp="22 Mar 2017 09:46:18 GMT" skipped="0" hostname="ChetnaM-PC" errors="0">
  <testcase name="verify" time="154.733" classname="com.adv.qa.selenium.tests.currency.A016A_Normal_Balance_Sheet_GroupsTest"/>
</testsuite> <!-- com.adv.qa.selenium.tests.currency.A016A_Normal_Balance_Sheet_GroupsTest -->
