<?xml version="1.0" encoding="UTF-8"?>
<!-- Generated by org.testng.reporters.JUnitReportReporter -->
<testsuite name="com.adv.qa.selenium.tests.currency.phase2.A053_Category_CodeTest" tests="1" time="100.942" ignored="0" failures="0" timestamp="04 Apr 2017 11:05:51 GMT" skipped="0" hostname="ChetnaM-PC" errors="0">
  <testcase name="verify" time="100.942" classname="com.adv.qa.selenium.tests.currency.phase2.A053_Category_CodeTest"/>
</testsuite> <!-- com.adv.qa.selenium.tests.currency.phase2.A053_Category_CodeTest -->
