<?xml version="1.0" encoding="UTF-8"?>
<!-- Generated by org.testng.reporters.JUnitReportReporter -->
<testsuite name="com.adv.qa.selenium.tests.currency.A019_Ledger_Control_Management_CodeTest" tests="1" time="118.790" ignored="0" failures="0" timestamp="17 Mar 2017 07:16:35 GMT" skipped="0" hostname="ChetnaM-PC" errors="0">
  <testcase name="verify" time="118.790" classname="com.adv.qa.selenium.tests.currency.A019_Ledger_Control_Management_CodeTest"/>
</testsuite> <!-- com.adv.qa.selenium.tests.currency.A019_Ledger_Control_Management_CodeTest -->
