<?xml version="1.0" encoding="UTF-8"?>
<!-- Generated by org.testng.reporters.JUnitReportReporter -->
<testsuite name="com.adv.qa.selenium.tests.currency.A032_Management_CodesTest" tests="1" time="954.358" ignored="0" failures="0" timestamp="17 Mar 2017 09:39:10 GMT" skipped="0" hostname="ChetnaM-PC" errors="0">
  <testcase name="verify" time="954.358" classname="com.adv.qa.selenium.tests.currency.A032_Management_CodesTest"/>
</testsuite> <!-- com.adv.qa.selenium.tests.currency.A032_Management_CodesTest -->
