<?xml version="1.0" encoding="UTF-8"?>
<!-- Generated by org.testng.reporters.JUnitReportReporter -->
<testsuite name="com.adv.qa.selenium.tests.currency.A004A_Rate_Type_Currency_ExchangeTest" tests="1" time="110.164" ignored="0" failures="0" timestamp="16 Mar 2017 07:32:05 GMT" skipped="0" hostname="ChetnaM-PC" errors="0">
  <testcase name="verify" time="110.164" classname="com.adv.qa.selenium.tests.currency.A004A_Rate_Type_Currency_ExchangeTest"/>
</testsuite> <!-- com.adv.qa.selenium.tests.currency.A004A_Rate_Type_Currency_ExchangeTest -->
