<?xml version="1.0" encoding="UTF-8"?>
<!-- Generated by org.testng.reporters.JUnitReportReporter -->
<testsuite name="com.adv.qa.selenium.tests.currency.A030_Security_ElementsTest" tests="1" time="172.016" ignored="0" failures="0" timestamp="17 Mar 2017 09:39:10 GMT" skipped="0" hostname="ChetnaM-PC" errors="0">
  <testcase name="verify" time="172.016" classname="com.adv.qa.selenium.tests.currency.A030_Security_ElementsTest"/>
</testsuite> <!-- com.adv.qa.selenium.tests.currency.A030_Security_ElementsTest -->
