<?xml version="1.0" encoding="UTF-8"?>
<!-- Generated by org.testng.reporters.JUnitReportReporter -->
<testsuite name="com.adv.qa.selenium.tests.currency.A018_Ledger_Control_Nominals" tests="1" time="1076.581" ignored="0" failures="0" timestamp="17 Mar 2017 05:42:02 GMT" skipped="0" hostname="ChetnaM-PC" errors="0">
  <testcase name="verify" time="1076.581" classname="com.adv.qa.selenium.tests.currency.A018_Ledger_Control_Nominals"/>
</testsuite> <!-- com.adv.qa.selenium.tests.currency.A018_Ledger_Control_Nominals -->
