<?xml version="1.0" encoding="UTF-8"?>
<!-- Generated by org.testng.reporters.JUnitReportReporter -->
<testsuite name="com.adv.qa.selenium.tests.currency.A006_Company_DefinitionTest" tests="1" time="144.106" ignored="0" failures="0" timestamp="16 Mar 2017 07:32:05 GMT" skipped="0" hostname="ChetnaM-PC" errors="0">
  <testcase name="verify" time="144.106" classname="com.adv.qa.selenium.tests.currency.A006_Company_DefinitionTest"/>
</testsuite> <!-- com.adv.qa.selenium.tests.currency.A006_Company_DefinitionTest -->
