<?xml version="1.0" encoding="UTF-8"?>
<!-- Generated by org.testng.reporters.JUnitReportReporter -->
<testsuite name="com.adv.qa.selenium.tests.currency.A026_Layout_CodesTest" tests="1" time="369.393" ignored="0" failures="0" timestamp="17 Mar 2017 08:37:44 GMT" skipped="0" hostname="ChetnaM-PC" errors="0">
  <testcase name="verify" time="369.393" classname="com.adv.qa.selenium.tests.currency.A026_Layout_CodesTest"/>
</testsuite> <!-- com.adv.qa.selenium.tests.currency.A026_Layout_CodesTest -->
