<?xml version="1.0" encoding="UTF-8"?>
<!-- Generated by org.testng.reporters.JUnitReportReporter -->
<testsuite name="com.adv.qa.selenium.tests.currency.phase2.A045_BACS_CalendarTest" tests="1" time="114.647" ignored="0" failures="0" timestamp="27 Mar 2017 09:36:01 GMT" skipped="0" hostname="ChetnaM-PC" errors="0">
  <testcase name="verify" time="114.647" classname="com.adv.qa.selenium.tests.currency.phase2.A045_BACS_CalendarTest"/>
</testsuite> <!-- com.adv.qa.selenium.tests.currency.phase2.A045_BACS_CalendarTest -->
