<?xml version="1.0" encoding="UTF-8"?>
<!-- Generated by org.testng.reporters.JUnitReportReporter -->
<testsuite name="com.adv.qa.selenium.tests.currency.A025_FormulaTest" tests="1" time="209.785" ignored="0" failures="0" timestamp="17 Mar 2017 07:55:08 GMT" skipped="0" hostname="ChetnaM-PC" errors="0">
  <testcase name="verify" time="209.785" classname="com.adv.qa.selenium.tests.currency.A025_FormulaTest"/>
</testsuite> <!-- com.adv.qa.selenium.tests.currency.A025_FormulaTest -->
