<?xml version="1.0" encoding="UTF-8"?>
<!-- Generated by org.testng.reporters.JUnitReportReporter -->
<testsuite name="com.adv.qa.selenium.tests.currency.A020_Ledger_Control_AccountsTest" tests="1" time="119.574" ignored="0" failures="0" timestamp="17 Mar 2017 07:16:35 GMT" skipped="0" hostname="ChetnaM-PC" errors="0">
  <testcase name="verify" time="119.574" classname="com.adv.qa.selenium.tests.currency.A020_Ledger_Control_AccountsTest"/>
</testsuite> <!-- com.adv.qa.selenium.tests.currency.A020_Ledger_Control_AccountsTest -->
