<?xml version="1.0" encoding="UTF-8"?>
<!-- Generated by org.testng.reporters.JUnitReportReporter -->
<testsuite name="com.adv.qa.selenium.tests.currency.phase2.A055_Settlement_TermsTest" tests="1" time="181.291" ignored="0" failures="0" timestamp="05 Apr 2017 08:45:43 GMT" skipped="0" hostname="ChetnaM-PC" errors="0">
  <testcase name="verify" time="181.291" classname="com.adv.qa.selenium.tests.currency.phase2.A055_Settlement_TermsTest"/>
</testsuite> <!-- com.adv.qa.selenium.tests.currency.phase2.A055_Settlement_TermsTest -->
