<?xml version="1.0" encoding="UTF-8"?>
<!-- Generated by org.testng.reporters.JUnitReportReporter -->
<testsuite name="com.adv.qa.selenium.tests.currency.phase2.A050_Accounts_Payable_Control_AccountsTest" tests="1" time="157.343" ignored="0" failures="0" timestamp="30 Mar 2017 11:44:04 GMT" skipped="0" hostname="ChetnaM-PC" errors="0">
  <testcase name="verify" time="157.343" classname="com.adv.qa.selenium.tests.currency.phase2.A050_Accounts_Payable_Control_AccountsTest"/>
</testsuite> <!-- com.adv.qa.selenium.tests.currency.phase2.A050_Accounts_Payable_Control_AccountsTest -->
