<?xml version="1.0" encoding="UTF-8"?>
<!-- Generated by org.testng.reporters.JUnitReportReporter -->
<testsuite name="com.adv.qa.selenium.tests.currency.phase2.A044_TAX_Rates_by_Tax_CodesTest" tests="1" time="507.771" ignored="0" failures="0" timestamp="24 Mar 2017 12:25:28 GMT" skipped="0" hostname="ChetnaM-PC" errors="0">
  <testcase name="verify" time="507.771" classname="com.adv.qa.selenium.tests.currency.phase2.A044_TAX_Rates_by_Tax_CodesTest"/>
</testsuite> <!-- com.adv.qa.selenium.tests.currency.phase2.A044_TAX_Rates_by_Tax_CodesTest -->
