<?xml version="1.0" encoding="UTF-8"?>
<!-- Generated by org.testng.reporters.JUnitReportReporter -->
<testsuite hostname="ChetnaM-PC" name="com.adv.qa.selenium.tests.currency.A002_Currency_DescriptionTest" tests="1" failures="0" timestamp="15 Mar 2017 11:36:01 GMT" time="343.890" errors="0">
  <testcase name="verify" time="343.890" classname="com.adv.qa.selenium.tests.currency.A002_Currency_DescriptionTest"/>
</testsuite> <!-- com.adv.qa.selenium.tests.currency.A002_Currency_DescriptionTest -->
