<?xml version="1.0" encoding="UTF-8"?>
<!-- Generated by org.testng.reporters.JUnitReportReporter -->
<testsuite name="com.adv.qa.selenium.tests.currency.A001A_On_line_AuditingTest" tests="1" time="207.743" ignored="0" failures="0" timestamp="22 Mar 2017 08:51:44 GMT" skipped="0" hostname="ChetnaM-PC" errors="0">
  <testcase name="verify" time="207.743" classname="com.adv.qa.selenium.tests.currency.A001A_On_line_AuditingTest"/>
</testsuite> <!-- com.adv.qa.selenium.tests.currency.A001A_On_line_AuditingTest -->
