<?xml version="1.0" encoding="UTF-8"?>
<!-- Generated by org.testng.reporters.JUnitReportReporter -->
<testsuite name="com.adv.qa.selenium.tests.currency.A018F_Ledger_Control_Nominals" tests="1" time="919.361" ignored="0" failures="0" timestamp="17 Mar 2017 06:57:17 GMT" skipped="0" hostname="ChetnaM-PC" errors="0">
  <testcase name="verify" time="919.361" classname="com.adv.qa.selenium.tests.currency.A018F_Ledger_Control_Nominals"/>
</testsuite> <!-- com.adv.qa.selenium.tests.currency.A018F_Ledger_Control_Nominals -->
