<?xml version="1.0" encoding="UTF-8"?>
<!-- Generated by org.testng.reporters.JUnitReportReporter -->
<testsuite name="com.adv.qa.selenium.tests.currency.A002_Currency_DescriptionTest" tests="1" time="368.312" ignored="0" failures="0" timestamp="22 Mar 2017 08:51:44 GMT" skipped="0" hostname="ChetnaM-PC" errors="0">
  <testcase name="verify" time="368.312" classname="com.adv.qa.selenium.tests.currency.A002_Currency_DescriptionTest"/>
</testsuite> <!-- com.adv.qa.selenium.tests.currency.A002_Currency_DescriptionTest -->
