<?xml version="1.0" encoding="UTF-8"?>
<!-- Generated by org.testng.reporters.JUnitReportReporter -->
<testsuite name="com.adv.qa.selenium.tests.currency.A001_Switch_Intra_Company_Accounting_OnTest" tests="1" time="61.400" ignored="0" failures="0" timestamp="22 Mar 2017 08:51:44 GMT" skipped="0" hostname="ChetnaM-PC" errors="0">
  <testcase name="verify" time="61.400" classname="com.adv.qa.selenium.tests.currency.A001_Switch_Intra_Company_Accounting_OnTest"/>
</testsuite> <!-- com.adv.qa.selenium.tests.currency.A001_Switch_Intra_Company_Accounting_OnTest -->
