<?xml version="1.0" encoding="UTF-8"?>
<!-- Generated by org.testng.reporters.JUnitReportReporter -->
<testsuite name="com.adv.qa.selenium.tests.currency.phase2.A046_Bank_Account_Names_for_PurchasingTest" tests="1" time="191.032" ignored="0" failures="0" timestamp="28 Mar 2017 06:02:30 GMT" skipped="0" hostname="ChetnaM-PC" errors="0">
  <testcase name="verify" time="191.032" classname="com.adv.qa.selenium.tests.currency.phase2.A046_Bank_Account_Names_for_PurchasingTest"/>
</testsuite> <!-- com.adv.qa.selenium.tests.currency.phase2.A046_Bank_Account_Names_for_PurchasingTest -->
