<?xml version="1.0" encoding="UTF-8"?>
<!-- Generated by org.testng.reporters.JUnitReportReporter -->
<testsuite name="com.adv.qa.selenium.tests.currency.A024_Batch_TypesTest" tests="1" time="835.978" ignored="0" failures="0" timestamp="23 Mar 2017 06:50:57 GMT" skipped="0" hostname="ChetnaM-PC" errors="0">
  <testcase name="verify" time="835.978" classname="com.adv.qa.selenium.tests.currency.A024_Batch_TypesTest"/>
</testsuite> <!-- com.adv.qa.selenium.tests.currency.A024_Batch_TypesTest -->
