<?xml version="1.0" encoding="UTF-8"?>
<!-- Generated by org.testng.reporters.JUnitReportReporter -->
<testsuite name="com.adv.qa.selenium.tests.currency.A036_BTZ_Elements_For_ICA_StructureTest" tests="1" time="197.534" ignored="0" failures="0" timestamp="17 Mar 2017 11:47:47 GMT" skipped="0" hostname="ChetnaM-PC" errors="0">
  <testcase name="verify" time="197.534" classname="com.adv.qa.selenium.tests.currency.A036_BTZ_Elements_For_ICA_StructureTest"/>
</testsuite> <!-- com.adv.qa.selenium.tests.currency.A036_BTZ_Elements_For_ICA_StructureTest -->
