<?xml version="1.0" encoding="UTF-8"?>
<!-- Generated by org.testng.reporters.JUnitReportReporter -->
<testsuite name="com.adv.qa.selenium.tests.currency.A040_ICA_Data_EntryTest" tests="1" time="196.203" ignored="0" failures="0" timestamp="23 Mar 2017 10:38:56 GMT" skipped="0" hostname="ChetnaM-PC" errors="0">
  <testcase name="verify" time="196.203" classname="com.adv.qa.selenium.tests.currency.A040_ICA_Data_EntryTest"/>
</testsuite> <!-- com.adv.qa.selenium.tests.currency.A040_ICA_Data_EntryTest -->
