<?xml version="1.0" encoding="UTF-8"?>
<!-- Generated by org.testng.reporters.JUnitReportReporter -->
<testsuite name="com.adv.qa.selenium.tests.currency.A029_Default_Structure_ElementsTest" tests="1" time="354.605" ignored="0" failures="0" timestamp="23 Mar 2017 08:27:57 GMT" skipped="0" hostname="ChetnaM-PC" errors="0">
  <testcase name="verify" time="354.605" classname="com.adv.qa.selenium.tests.currency.A029_Default_Structure_ElementsTest"/>
</testsuite> <!-- com.adv.qa.selenium.tests.currency.A029_Default_Structure_ElementsTest -->
