<?xml version="1.0" encoding="UTF-8"?>
<!-- Generated by org.testng.reporters.JUnitReportReporter -->
<testsuite hostname="ChetnaM-PC" name="com.adv.qa.selenium.tests.currency.A004A_Rate_Type_Currency_ExchangeTest" tests="1" failures="0" timestamp="15 Mar 2017 11:19:12 GMT" time="99.161" errors="0">
  <testcase name="verify" time="99.161" classname="com.adv.qa.selenium.tests.currency.A004A_Rate_Type_Currency_ExchangeTest"/>
</testsuite> <!-- com.adv.qa.selenium.tests.currency.A004A_Rate_Type_Currency_ExchangeTest -->
