<?xml version="1.0" encoding="UTF-8"?>
<!-- Generated by org.testng.reporters.JUnitReportReporter -->
<testsuite name="com.adv.qa.selenium.tests.currency.A022_Balance_ClassesTest" tests="1" time="347.174" ignored="0" failures="0" timestamp="17 Mar 2017 07:16:35 GMT" skipped="0" hostname="ChetnaM-PC" errors="0">
  <testcase name="verify" time="347.174" classname="com.adv.qa.selenium.tests.currency.A022_Balance_ClassesTest"/>
</testsuite> <!-- com.adv.qa.selenium.tests.currency.A022_Balance_ClassesTest -->
