<?xml version="1.0" encoding="UTF-8"?>
<!-- Generated by org.testng.reporters.JUnitReportReporter -->
<testsuite name="com.adv.qa.selenium.tests.currency.phase2.A043_Insert_Tax_CodesTest" tests="1" time="185.289" ignored="0" failures="0" timestamp="24 Mar 2017 08:53:57 GMT" skipped="0" hostname="ChetnaM-PC" errors="0">
  <testcase name="verify" time="185.289" classname="com.adv.qa.selenium.tests.currency.phase2.A043_Insert_Tax_CodesTest"/>
</testsuite> <!-- com.adv.qa.selenium.tests.currency.phase2.A043_Insert_Tax_CodesTest -->
