<?xml version="1.0" encoding="UTF-8"?>
<!-- Generated by org.testng.reporters.JUnitReportReporter -->
<testsuite name="com.adv.qa.selenium.tests.currency.A037_ICA_Default_Trading_RelationshipsTest" tests="1" time="125.547" ignored="0" failures="0" timestamp="23 Mar 2017 08:27:57 GMT" skipped="0" hostname="ChetnaM-PC" errors="0">
  <testcase name="verify" time="125.547" classname="com.adv.qa.selenium.tests.currency.A037_ICA_Default_Trading_RelationshipsTest"/>
</testsuite> <!-- com.adv.qa.selenium.tests.currency.A037_ICA_Default_Trading_RelationshipsTest -->
