<?xml version="1.0" encoding="UTF-8"?>
<!-- Generated by org.testng.reporters.JUnitReportReporter -->
<testsuite name="com.adv.qa.selenium.tests.currency.phase2.A047_Accounts_Payable_Batch_TypesTest" tests="1" time="803.430" ignored="0" failures="0" timestamp="28 Mar 2017 06:28:14 GMT" skipped="0" hostname="ChetnaM-PC" errors="0">
  <testcase name="verify" time="803.430" classname="com.adv.qa.selenium.tests.currency.phase2.A047_Accounts_Payable_Batch_TypesTest"/>
</testsuite> <!-- com.adv.qa.selenium.tests.currency.phase2.A047_Accounts_Payable_Batch_TypesTest -->
