<?xml version="1.0" encoding="UTF-8"?>
<!-- Generated by org.testng.reporters.JUnitReportReporter -->
<testsuite name="com.adv.qa.selenium.tests.currency.A029_Default_Structure_ElementsTest" tests="1" time="407.439" ignored="0" failures="0" timestamp="17 Mar 2017 08:56:14 GMT" skipped="0" hostname="ChetnaM-PC" errors="0">
  <testcase name="verify" time="407.439" classname="com.adv.qa.selenium.tests.currency.A029_Default_Structure_ElementsTest"/>
</testsuite> <!-- com.adv.qa.selenium.tests.currency.A029_Default_Structure_ElementsTest -->
