<?xml version="1.0" encoding="UTF-8"?>
<!-- Generated by org.testng.reporters.JUnitReportReporter -->
<testsuite name="com.adv.qa.selenium.tests.currency.A024_Batch_TypesTest" tests="1" time="840.030" ignored="0" failures="0" timestamp="17 Mar 2017 07:55:08 GMT" skipped="0" hostname="ChetnaM-PC" errors="0">
  <testcase name="verify" time="840.030" classname="com.adv.qa.selenium.tests.currency.A024_Batch_TypesTest"/>
</testsuite> <!-- com.adv.qa.selenium.tests.currency.A024_Batch_TypesTest -->
