<?xml version="1.0" encoding="UTF-8"?>
<!-- Generated by org.testng.reporters.JUnitReportReporter -->
<testsuite name="com.adv.qa.selenium.tests.currency.A014_Account_Code_DefinitionTest" tests="1" time="352.537" ignored="0" failures="0" timestamp="16 Mar 2017 12:15:36 GMT" skipped="0" hostname="ChetnaM-PC" errors="0">
  <testcase name="verify" time="352.537" classname="com.adv.qa.selenium.tests.currency.A014_Account_Code_DefinitionTest"/>
</testsuite> <!-- com.adv.qa.selenium.tests.currency.A014_Account_Code_DefinitionTest -->
