<?xml version="1.0" encoding="UTF-8"?>
<!-- Generated by org.testng.reporters.JUnitReportReporter -->
<testsuite name="com.adv.qa.selenium.tests.currency.A022_Balance_ClassesTest" tests="1" time="356.757" ignored="0" failures="0" timestamp="23 Mar 2017 06:50:57 GMT" skipped="0" hostname="ChetnaM-PC" errors="0">
  <testcase name="verify" time="356.757" classname="com.adv.qa.selenium.tests.currency.A022_Balance_ClassesTest"/>
</testsuite> <!-- com.adv.qa.selenium.tests.currency.A022_Balance_ClassesTest -->
