<?xml version="1.0" encoding="UTF-8"?>
<!-- Generated by org.testng.reporters.JUnitReportReporter -->
<testsuite name="com.adv.qa.selenium.tests.currency.A039_EnquiryTest" tests="1" time="567.228" ignored="0" failures="0" timestamp="20 Mar 2017 05:28:21 GMT" skipped="0" hostname="ChetnaM-PC" errors="0">
  <testcase name="verify" time="567.228" classname="com.adv.qa.selenium.tests.currency.A039_EnquiryTest"/>
</testsuite> <!-- com.adv.qa.selenium.tests.currency.A039_EnquiryTest -->
