<?xml version="1.0" encoding="UTF-8"?>
<!-- Generated by org.testng.reporters.JUnitReportReporter -->
<testsuite name="com.adv.qa.selenium.tests.currency.A015_BalanceSheetTest" tests="1" time="96.190" ignored="0" failures="0" timestamp="16 Mar 2017 12:15:36 GMT" skipped="0" hostname="ChetnaM-PC" errors="0">
  <testcase name="verify" time="96.190" classname="com.adv.qa.selenium.tests.currency.A015_BalanceSheetTest"/>
</testsuite> <!-- com.adv.qa.selenium.tests.currency.A015_BalanceSheetTest -->
