<?xml version="1.0" encoding="UTF-8"?>
<!-- Generated by org.testng.reporters.JUnitReportReporter -->
<testsuite name="com.adv.qa.selenium.tests.currency.phase2.A051_Purchase_Ledger_Bank_CodesTest" tests="1" time="152.637" ignored="0" failures="0" timestamp="30 Mar 2017 10:12:51 GMT" skipped="0" hostname="ChetnaM-PC" errors="0">
  <testcase name="verify" time="152.637" classname="com.adv.qa.selenium.tests.currency.phase2.A051_Purchase_Ledger_Bank_CodesTest"/>
</testsuite> <!-- com.adv.qa.selenium.tests.currency.phase2.A051_Purchase_Ledger_Bank_CodesTest -->
