<?xml version="1.0" encoding="UTF-8"?>
<!-- Generated by org.testng.reporters.JUnitReportReporter -->
<testsuite name="com.adv.qa.selenium.tests.currency.phase2.A049_Common_Purchasing_Company_ControlsTest" tests="1" time="136.904" ignored="0" failures="0" timestamp="29 Mar 2017 11:40:39 GMT" skipped="0" hostname="ChetnaM-PC" errors="0">
  <testcase name="verify" time="136.904" classname="com.adv.qa.selenium.tests.currency.phase2.A049_Common_Purchasing_Company_ControlsTest"/>
</testsuite> <!-- com.adv.qa.selenium.tests.currency.phase2.A049_Common_Purchasing_Company_ControlsTest -->
