<?xml version="1.0" encoding="UTF-8"?>
<!-- Generated by org.testng.reporters.JUnitReportReporter -->
<testsuite name="com.adv.qa.selenium.tests.currency.A003_Currency_Base_NonBase_RelationshipsTest" tests="1" time="361.417" ignored="0" failures="0" timestamp="15 Mar 2017 12:06:49 GMT" skipped="0" hostname="ChetnaM-PC" errors="0">
  <testcase name="verify" time="361.417" classname="com.adv.qa.selenium.tests.currency.A003_Currency_Base_NonBase_RelationshipsTest"/>
</testsuite> <!-- com.adv.qa.selenium.tests.currency.A003_Currency_Base_NonBase_RelationshipsTest -->
