<?xml version="1.0" encoding="UTF-8"?>
<!-- Generated by org.testng.reporters.JUnitReportReporter -->
<testsuite name="com.adv.qa.selenium.tests.currency.A017A_Normal_Balance_Sheet_CategoriesTest" tests="1" time="491.405" ignored="0" failures="0" timestamp="22 Mar 2017 09:46:18 GMT" skipped="0" hostname="ChetnaM-PC" errors="0">
  <testcase name="verify" time="491.405" classname="com.adv.qa.selenium.tests.currency.A017A_Normal_Balance_Sheet_CategoriesTest"/>
</testsuite> <!-- com.adv.qa.selenium.tests.currency.A017A_Normal_Balance_Sheet_CategoriesTest -->
