<?xml version="1.0" encoding="UTF-8"?>
<!-- Generated by org.testng.reporters.JUnitReportReporter -->
<testsuite name="com.adv.qa.selenium.tests.currency.phase2.A045_BACS_CalendarTest" tests="1" time="194.660" ignored="0" failures="0" timestamp="03 Apr 2017 07:21:14 GMT" skipped="0" hostname="ChetnaM-PC" errors="0">
  <testcase name="verify" time="194.660" classname="com.adv.qa.selenium.tests.currency.phase2.A045_BACS_CalendarTest"/>
</testsuite> <!-- com.adv.qa.selenium.tests.currency.phase2.A045_BACS_CalendarTest -->
