<?xml version="1.0" encoding="UTF-8"?>
<!-- Generated by org.testng.reporters.JUnitReportReporter -->
<testsuite name="com.adv.qa.selenium.tests.currency.A011_UsersTest" tests="1" time="928.015" ignored="0" failures="0" timestamp="16 Mar 2017 09:06:52 GMT" skipped="0" hostname="ChetnaM-PC" errors="0">
  <testcase name="verify" time="928.015" classname="com.adv.qa.selenium.tests.currency.A011_UsersTest"/>
</testsuite> <!-- com.adv.qa.selenium.tests.currency.A011_UsersTest -->
