<?xml version="1.0" encoding="UTF-8"?>
<!-- Generated by org.testng.reporters.JUnitReportReporter -->
<testsuite name="com.adv.qa.selenium.tests.currency.A007_DevicesTest" tests="1" time="131.153" ignored="0" failures="0" timestamp="16 Mar 2017 07:32:05 GMT" skipped="0" hostname="ChetnaM-PC" errors="0">
  <testcase name="verify" time="131.153" classname="com.adv.qa.selenium.tests.currency.A007_DevicesTest"/>
</testsuite> <!-- com.adv.qa.selenium.tests.currency.A007_DevicesTest -->
