<?xml version="1.0" encoding="UTF-8"?>
<!-- Generated by org.testng.reporters.JUnitReportReporter -->
<testsuite name="com.adv.qa.selenium.tests.currency.A018F_Ledger_Control_Nominals" tests="1" time="460.191" ignored="0" failures="0" timestamp="22 Mar 2017 12:37:29 GMT" skipped="0" hostname="ChetnaM-PC" errors="0">
  <testcase name="verify" time="460.191" classname="com.adv.qa.selenium.tests.currency.A018F_Ledger_Control_Nominals"/>
</testsuite> <!-- com.adv.qa.selenium.tests.currency.A018F_Ledger_Control_Nominals -->
