<?xml version="1.0" encoding="UTF-8"?>
<!-- Generated by org.testng.reporters.JUnitReportReporter -->
<testsuite name="com.adv.qa.selenium.tests.currency.A038_Process_EP2OracleTest" tests="1" time="130.497" ignored="0" failures="0" timestamp="17 Mar 2017 12:35:40 GMT" skipped="0" hostname="ChetnaM-PC" errors="0">
  <testcase name="verify" time="130.497" classname="com.adv.qa.selenium.tests.currency.A038_Process_EP2OracleTest"/>
</testsuite> <!-- com.adv.qa.selenium.tests.currency.A038_Process_EP2OracleTest -->
