<?xml version="1.0" encoding="UTF-8"?>
<!-- Generated by org.testng.reporters.JUnitReportReporter -->
<testsuite name="com.adv.qa.selenium.tests.currency.A018B_Ledger_Control_Nominals" tests="1" time="1146.761" ignored="0" failures="0" timestamp="22 Mar 2017 11:13:22 GMT" skipped="0" hostname="ChetnaM-PC" errors="0">
  <testcase name="verify" time="1146.761" classname="com.adv.qa.selenium.tests.currency.A018B_Ledger_Control_Nominals"/>
</testsuite> <!-- com.adv.qa.selenium.tests.currency.A018B_Ledger_Control_Nominals -->
