<?xml version="1.0" encoding="UTF-8"?>
<!-- Generated by org.testng.reporters.JUnitReportReporter -->
<testsuite name="com.adv.qa.selenium.tests.currency.A008_DestinationsTest" tests="1" time="233.508" ignored="0" failures="0" timestamp="16 Mar 2017 07:32:05 GMT" skipped="0" hostname="ChetnaM-PC" errors="0">
  <testcase name="verify" time="233.508" classname="com.adv.qa.selenium.tests.currency.A008_DestinationsTest"/>
</testsuite> <!-- com.adv.qa.selenium.tests.currency.A008_DestinationsTest -->
