<?xml version="1.0" encoding="UTF-8"?>
<!-- Generated by org.testng.reporters.JUnitReportReporter -->
<testsuite name="com.adv.qa.selenium.tests.currency.A014_Account_Code_DefinitionTest" tests="1" time="234.830" ignored="0" failures="0" timestamp="22 Mar 2017 09:33:08 GMT" skipped="0" hostname="ChetnaM-PC" errors="0">
  <testcase name="verify" time="234.830" classname="com.adv.qa.selenium.tests.currency.A014_Account_Code_DefinitionTest"/>
</testsuite> <!-- com.adv.qa.selenium.tests.currency.A014_Account_Code_DefinitionTest -->
